C:\USERS\JEFF\DESKTOP\LEA-REF\LEA_C_STANDALONE_SRC\VS\LIBLEA\DEBUG\CPU_INFO_ARM.OBJ
C:\USERS\JEFF\DESKTOP\LEA-REF\LEA_C_STANDALONE_SRC\VS\LIBLEA\DEBUG\CPU_INFO_IA32.OBJ
C:\USERS\JEFF\DESKTOP\LEA-REF\LEA_C_STANDALONE_SRC\VS\LIBLEA\DEBUG\LEA_GCM_GENERIC.OBJ
C:\USERS\JEFF\DESKTOP\LEA-REF\LEA_C_STANDALONE_SRC\VS\LIBLEA\DEBUG\LEA_BASE.OBJ
C:\USERS\JEFF\DESKTOP\LEA-REF\LEA_C_STANDALONE_SRC\VS\LIBLEA\DEBUG\LEA_ONLINE.OBJ
C:\USERS\JEFF\DESKTOP\LEA-REF\LEA_C_STANDALONE_SRC\VS\LIBLEA\DEBUG\LEA_T_FALLBACK.OBJ
C:\USERS\JEFF\DESKTOP\LEA-REF\LEA_C_STANDALONE_SRC\VS\LIBLEA\DEBUG\LEA_T_GENERIC.OBJ
C:\USERS\JEFF\DESKTOP\LEA-REF\LEA_C_STANDALONE_SRC\VS\LIBLEA\DEBUG\LEA_CORE.OBJ
C:\USERS\JEFF\DESKTOP\LEA-REF\LEA_C_STANDALONE_SRC\VS\LIBLEA\DEBUG\VC110.PDB
C:\USERS\JEFF\DESKTOP\LEA-REF\LEA_C_STANDALONE_SRC\VS\LIBLEA\DEBUG\LEA_CORE_XOP.OBJ
C:\USERS\JEFF\DESKTOP\LEA-REF\LEA_C_STANDALONE_SRC\VS\LIBLEA\DEBUG\LEA_GCM_PCLMUL.OBJ
C:\USERS\JEFF\DESKTOP\LEA-REF\LEA_C_STANDALONE_SRC\VS\LIBLEA\DEBUG\LEA_T_SSE2.OBJ
C:\USERS\JEFF\DESKTOP\LEA-REF\LEA_C_STANDALONE_SRC\VS\LIBLEA\DEBUG\LEA_T_XOP.OBJ
C:\Users\Jeff\Desktop\LEA-Ref\LEA_C_Standalone_src\vs\libLEA\Debug\cpu_info_arm.obj
C:\Users\Jeff\Desktop\LEA-Ref\LEA_C_Standalone_src\vs\libLEA\Debug\cpu_info_ia32.obj
C:\Users\Jeff\Desktop\LEA-Ref\LEA_C_Standalone_src\vs\libLEA\Debug\lea_base.obj
C:\Users\Jeff\Desktop\LEA-Ref\LEA_C_Standalone_src\vs\libLEA\Debug\lea_core.obj
C:\Users\Jeff\Desktop\LEA-Ref\LEA_C_Standalone_src\vs\libLEA\Debug\lea_core_xop.obj
C:\Users\Jeff\Desktop\LEA-Ref\LEA_C_Standalone_src\vs\libLEA\Debug\lea_gcm_generic.obj
C:\Users\Jeff\Desktop\LEA-Ref\LEA_C_Standalone_src\vs\libLEA\Debug\lea_gcm_pclmul.obj
C:\Users\Jeff\Desktop\LEA-Ref\LEA_C_Standalone_src\vs\libLEA\Debug\lea_online.obj
C:\Users\Jeff\Desktop\LEA-Ref\LEA_C_Standalone_src\vs\libLEA\Debug\lea_t_fallback.obj
C:\Users\Jeff\Desktop\LEA-Ref\LEA_C_Standalone_src\vs\libLEA\Debug\lea_t_generic.obj
C:\Users\Jeff\Desktop\LEA-Ref\LEA_C_Standalone_src\vs\libLEA\Debug\lea_t_sse2.obj
C:\Users\Jeff\Desktop\LEA-Ref\LEA_C_Standalone_src\vs\libLEA\Debug\lea_t_xop.obj
C:\Users\Jeff\Desktop\LEA-Ref\LEA_C_Standalone_src\vs\libLEA\Debug\cl.command.1.tlog
C:\Users\Jeff\Desktop\LEA-Ref\LEA_C_Standalone_src\vs\libLEA\Debug\CL.read.1.tlog
C:\Users\Jeff\Desktop\LEA-Ref\LEA_C_Standalone_src\vs\libLEA\Debug\CL.write.1.tlog
C:\Users\Jeff\Desktop\LEA-Ref\LEA_C_Standalone_src\vs\libLEA\Debug\vc110.idb
C:\Users\Jeff\Desktop\LEA-Ref\LEA_C_Standalone_src\vs\libLEA\Debug\vc110.pdb
