Build started 6/17/2018 8:10:07 PM.
     1>Project "C:\Users\Jeff\Desktop\LEA-Ref\LEA_C_Standalone_src\vs\libLEA\libLEA.vcxproj" on node 2 (Build target(s)).
     1>ClCompile:
         C:\Program Files (x86)\Microsoft Visual Studio 11.0\VC\bin\x86_amd64\CL.exe /c /Zi /nologo /W3 /WX- /Od /D WIN32 /D _DEBUG /D _LIB /D LEA_LIB=0 /D _UNICODE /D UNICODE /Gm /EHsc /RTC1 /MDd /GS /arch:AVX /fp:precise /Zc:wchar_t /Zc:forScope /Fo"x64\Debug\\" /Fd"x64\Debug\vc110.pdb" /Gd /TC /errorReport:prompt ..\..\src\cpu_info_arm.c ..\..\src\cpu_info_ia32.c ..\..\src\lea_core.c ..\..\src\lea_gcm_generic.c ..\..\src\lea_base.c ..\..\src\lea_online.c ..\..\src\lea_t_avx2_sse2.c ..\..\src\lea_t_avx2_xop.c ..\..\src\lea_t_fallback.c ..\..\src\lea_t_generic.c
         lea_t_generic.c
     1>c:\users\jeff\desktop\lea-ref\lea_c_standalone_src\src\lea_cbc.h(34): warning C4101: 'tmp' : unreferenced local variable
         lea_t_fallback.c
         lea_t_avx2_xop.c
         lea_t_avx2_sse2.c
         lea_online.c
         lea_base.c
         lea_gcm_generic.c
     1>..\..\src\lea_gcm_generic.c(290): warning C4018: '<' : signed/unsigned mismatch
         lea_core.c
         cpu_info_ia32.c
         cpu_info_arm.c
         Generating Code...
         C:\Program Files (x86)\Microsoft Visual Studio 11.0\VC\bin\x86_amd64\CL.exe /c /Zi /nologo /W3 /WX- /Od /D WIN32 /D _DEBUG /D _LIB /D LEA_LIB=0 /D _UNICODE /D UNICODE /Gm /EHsc /RTC1 /MDd /GS /arch:SSE2 /fp:precise /Zc:wchar_t /Zc:forScope /Fo"x64\Debug\\" /Fd"x64\Debug\vc110.pdb" /Gd /TC /errorReport:prompt ..\..\src\lea_core_xop.c ..\..\src\lea_gcm_pclmul.c ..\..\src\lea_t_sse2.c ..\..\src\lea_t_xop.c
     1>cl : Command line warning D9002: ignoring unknown option '/arch:SSE2'
         lea_t_xop.c
     1>c:\users\jeff\desktop\lea-ref\lea_c_standalone_src\src\lea_xop.h(489): warning C4101: 'pt_simd' : unreferenced local variable
     1>c:\users\jeff\desktop\lea-ref\lea_c_standalone_src\src\lea_xop.h(489): warning C4101: 'ct_simd' : unreferenced local variable
     1>c:\users\jeff\desktop\lea-ref\lea_c_standalone_src\src\lea_xop.h(538): warning C4101: 'tmp_simd' : unreferenced local variable
     1>c:\users\jeff\desktop\lea-ref\lea_c_standalone_src\src\lea_xop.h(594): warning C4101: 't' : unreferenced local variable
     1>c:\users\jeff\desktop\lea-ref\lea_c_standalone_src\src\lea_ctr.h(40): warning C4101: 'block' : unreferenced local variable
         lea_t_sse2.c
         lea_gcm_pclmul.c
     1>..\..\src\lea_gcm_pclmul.c(98): warning C4101: 'i' : unreferenced local variable
         lea_core_xop.c
         Generating Code...
       Lib:
         C:\Program Files (x86)\Microsoft Visual Studio 11.0\VC\bin\x86_amd64\Lib.exe /OUT:"C:\Users\Jeff\Desktop\LEA-Ref\LEA_C_Standalone_src\vs\x64\Debug\libLEA.lib" /NOLOGO /MACHINE:X64 x64\Debug\cpu_info_arm.obj
         x64\Debug\cpu_info_ia32.obj
         x64\Debug\lea_core.obj
         x64\Debug\lea_core_xop.obj
         x64\Debug\lea_gcm_generic.obj
         x64\Debug\lea_gcm_pclmul.obj
         x64\Debug\lea_base.obj
         x64\Debug\lea_online.obj
         x64\Debug\lea_t_avx2_sse2.obj
         x64\Debug\lea_t_avx2_xop.obj
         x64\Debug\lea_t_fallback.obj
         x64\Debug\lea_t_generic.obj
         x64\Debug\lea_t_sse2.obj
         x64\Debug\lea_t_xop.obj
         libLEA.vcxproj -> C:\Users\Jeff\Desktop\LEA-Ref\LEA_C_Standalone_src\vs\x64\Debug\libLEA.lib
     1>Done Building Project "C:\Users\Jeff\Desktop\LEA-Ref\LEA_C_Standalone_src\vs\libLEA\libLEA.vcxproj" (Build target(s)).

Build succeeded.

Time Elapsed 00:00:03.81
